d:\projects\huawei_antenna_modeling\win32_build\antennabuilder.dir\debug\vc120.pdb
d:\projects\huawei_antenna_modeling\win32_build\antennabuilder.dir\debug\antennabuilder_automoc.obj
d:\projects\huawei_antenna_modeling\win32_build\antennabuilder.dir\debug\mainwindow.obj
d:\projects\huawei_antenna_modeling\win32_build\antennabuilder.dir\debug\main.obj
d:\projects\huawei_antenna_modeling\win32_build\antennabuilder.dir\debug\planeequation.obj
d:\projects\huawei_antenna_modeling\win32_build\antennabuilder.dir\debug\nansymenu.obj
d:\projects\huawei_antenna_modeling\win32_build\antennabuilder.dir\debug\nansymath.obj
d:\projects\huawei_antenna_modeling\win32_build\antennabuilder.dir\debug\nansy.obj
d:\projects\huawei_antenna_modeling\win32_build\antennabuilder.dir\debug\midspace.obj
d:\projects\huawei_antenna_modeling\win32_build\antennabuilder.dir\debug\itemspace.obj
d:\projects\huawei_antenna_modeling\win32_build\antennabuilder.dir\debug\actpolygon.obj
d:\projects\huawei_antenna_modeling\win32_build\antennabuilder.dir\debug\actlinepair.obj
d:\projects\huawei_antenna_modeling\win32_build\antennabuilder.dir\debug\actline.obj
d:\projects\huawei_antenna_modeling\win32_build\antennabuilder.dir\debug\serialtextdatareader.obj
d:\projects\huawei_antenna_modeling\win32_build\antennabuilder.dir\debug\motionkeyframeseries.obj
d:\projects\huawei_antenna_modeling\win32_build\antennabuilder.dir\debug\motionjoint.obj
d:\projects\huawei_antenna_modeling\win32_build\antennabuilder.dir\debug\motionclip.obj
d:\projects\huawei_antenna_modeling\win32_build\antennabuilder.dir\debug\datarw.obj
d:\projects\huawei_antenna_modeling\win32_build\antennabuilder.dir\debug\bvhwriter.obj
d:\projects\huawei_antenna_modeling\win32_build\antennabuilder.dir\debug\bvhreader.obj
d:\projects\huawei_antenna_modeling\win32_build\antennabuilder.dir\debug\vectorizer.obj
d:\projects\huawei_antenna_modeling\win32_build\antennabuilder.dir\debug\sandboxglwidget.obj
d:\projects\huawei_antenna_modeling\win32_build\antennabuilder.dir\debug\anduglwidget.obj
d:\projects\huawei_antenna_modeling\win32_build\antennabuilder.dir\debug\vertexboneassignmentdata.obj
d:\projects\huawei_antenna_modeling\win32_build\antennabuilder.dir\debug\submesh.obj
d:\projects\huawei_antenna_modeling\win32_build\antennabuilder.dir\debug\skeleton.obj
d:\projects\huawei_antenna_modeling\win32_build\antennabuilder.dir\debug\meshvertexdata.obj
d:\projects\huawei_antenna_modeling\win32_build\antennabuilder.dir\debug\meshtoolbox.obj
d:\projects\huawei_antenna_modeling\win32_build\antennabuilder.dir\debug\meshserializer.obj
d:\projects\huawei_antenna_modeling\win32_build\antennabuilder.dir\debug\mesh.obj
d:\projects\huawei_antenna_modeling\win32_build\antennabuilder.dir\debug\element.obj
d:\projects\huawei_antenna_modeling\win32_build\antennabuilder.dir\debug\editablesubmesh.obj
d:\projects\huawei_antenna_modeling\win32_build\antennabuilder.dir\debug\computemesh.obj
d:\projects\huawei_antenna_modeling\win32_build\antennabuilder.dir\debug\vector2cmp.obj
d:\projects\huawei_antenna_modeling\win32_build\antennabuilder.dir\debug\matrixtool.obj
d:\projects\huawei_antenna_modeling\win32_build\antennabuilder.dir\debug\mathematics.obj
d:\projects\huawei_antenna_modeling\win32_build\antennabuilder.dir\debug\line.obj
d:\projects\huawei_antenna_modeling\win32_build\antennabuilder.dir\debug\computevector.obj
d:\projects\huawei_antenna_modeling\win32_build\antennabuilder.dir\debug\worldpolygon.obj
d:\projects\huawei_antenna_modeling\win32_build\antennabuilder.dir\debug\worlddot.obj
d:\projects\huawei_antenna_modeling\win32_build\antennabuilder.dir\debug\windowpolygon.obj
d:\projects\huawei_antenna_modeling\win32_build\antennabuilder.dir\debug\windowline.obj
d:\projects\huawei_antenna_modeling\win32_build\antennabuilder.dir\debug\windowdot.obj
d:\projects\huawei_antenna_modeling\win32_build\antennabuilder.dir\debug\opengltoolbox.obj
d:\projects\huawei_antenna_modeling\win32_build\antennabuilder.dir\debug\logwriter.obj
d:\projects\huawei_antenna_modeling\win32_build\antennabuilder.dir\debug\consoletoolbox.obj
d:\projects\huawei_antenna_modeling\win32_build\antennabuilder.dir\debug\submeshwriter.obj
d:\projects\huawei_antenna_modeling\win32_build\antennabuilder.dir\debug\submeshreader.obj
d:\projects\huawei_antenna_modeling\win32_build\antennabuilder.dir\debug\objreader.obj
d:\projects\huawei_antenna_modeling\win32_build\antennabuilder.dir\debug\meshwriter.obj
d:\projects\huawei_antenna_modeling\win32_build\antennabuilder.dir\debug\meshreader.obj
d:\projects\huawei_antenna_modeling\win32_build\antennabuilder.dir\debug\anduobjreader.obj
d:\projects\huawei_antenna_modeling\win32_build\antennabuilder.dir\debug\andumeshreader.obj
d:\projects\huawei_antenna_modeling\win32_build\cmakefiles\generate.stamp
d:\projects\huawei_antenna_modeling\win32_build\ui_mainwindow.h
d:\projects\huawei_antenna_modeling\win32_build\debug\antennabuilder.pdb
d:\projects\huawei_antenna_modeling\win32_build\antennabuilder.dir\debug\antennabuilder.tlog\cl.command.1.tlog
d:\projects\huawei_antenna_modeling\win32_build\antennabuilder.dir\debug\antennabuilder.tlog\cl.read.1.tlog
d:\projects\huawei_antenna_modeling\win32_build\antennabuilder.dir\debug\antennabuilder.tlog\cl.write.1.tlog
d:\projects\huawei_antenna_modeling\win32_build\antennabuilder.dir\debug\antennabuilder.tlog\custombuild.command.1.tlog
d:\projects\huawei_antenna_modeling\win32_build\antennabuilder.dir\debug\antennabuilder.tlog\custombuild.read.1.tlog
d:\projects\huawei_antenna_modeling\win32_build\antennabuilder.dir\debug\antennabuilder.tlog\custombuild.write.1.tlog
d:\projects\huawei_antenna_modeling\win32_build\antennabuilder.dir\debug\antennabuilder.tlog\link-cvtres.read.1.tlog
d:\projects\huawei_antenna_modeling\win32_build\antennabuilder.dir\debug\antennabuilder.tlog\link-cvtres.write.1.tlog
d:\projects\huawei_antenna_modeling\win32_build\antennabuilder.dir\debug\antennabuilder.tlog\link-rc.read.1.tlog
d:\projects\huawei_antenna_modeling\win32_build\antennabuilder.dir\debug\antennabuilder.tlog\link-rc.write.1.tlog
d:\projects\huawei_antenna_modeling\win32_build\antennabuilder.dir\debug\antennabuilder.tlog\link.command.1.tlog
d:\projects\huawei_antenna_modeling\win32_build\antennabuilder.dir\debug\antennabuilder.tlog\link.read.1.tlog
d:\projects\huawei_antenna_modeling\win32_build\antennabuilder.dir\debug\antennabuilder.tlog\link.write.1.tlog
