Build started 2014/8/14 14:50:10.
     1>Project "D:\Projects\huawei_antenna_modeling\win32_build\AntennaBuilder.vcxproj" on node 2 (Build target(s)).
     1>PreBuildEvent:
         setlocal
         cd D:\Projects\huawei_antenna_modeling\win32_build
         if %errorlevel% neq 0 goto :cmEnd
         D:
         if %errorlevel% neq 0 goto :cmEnd
         "C:\Program Files (x86)\CMake\bin\cmake.exe" -E cmake_autogen D:/Projects/huawei_antenna_modeling/win32_build/CMakeFiles/AntennaBuilder_automoc.dir/ Debug
         if %errorlevel% neq 0 goto :cmEnd
         :cmEnd
         endlocal & call :cmErrorLevel %errorlevel% & goto :cmDone
         :cmErrorLevel
         exit /b %1
         :cmDone
         if %errorlevel% neq 0 goto :VCEnd
         :VCEnd
       ClCompile:
         C:\Program Files (x86)\Microsoft Visual Studio 12.0\VC\bin\CL.exe /c /ID:\Projects\huawei_antenna_modeling\win32_build /ID:\Projects\huawei_antenna_modeling /ID:\Projects\huawei_antenna_modeling\include /ID:\Projects\huawei_antenna_modeling\.\src /ID:\Projects\huawei_antenna_modeling\.\src\Curve /ID:\Projects\huawei_antenna_modeling\.\src\MocapIO /ID:\Projects\huawei_antenna_modeling\.\src\NansyLib /ID:\Projects\huawei_antenna_modeling\.\src\QuasarMath /ID:\Projects\huawei_antenna_modeling\.\src\QuasarMath\Curve /ID:\Projects\huawei_antenna_modeling\.\src\Skinning /ID:\Projects\huawei_antenna_modeling\.\src\Util /ID:\Projects\huawei_antenna_modeling\ui /IC:\SDK\Qt\5.3\msvc2013_opengl\include /IC:\SDK\Qt\5.3\msvc2013_opengl\include\QtWidgets /IC:\SDK\Qt\5.3\msvc2013_opengl\include\QtGui /IC:\SDK\Qt\5.3\msvc2013_opengl\include\QtCore /I"C:\SDK\Qt\5.3\msvc2013_opengl\mkspecs\win32-msvc2013" /IC:\SDK\Qt\5.3\msvc2013_opengl\include\QtOpenGL /Zi /nologo /W3 /WX- /Od /Ob0 /Oy- /D WIN32 /D _WINDOWS /D _DEBUG /D QT_WIDGETS_LIB /D QT_GUI_LIB /D QT_CORE_LIB /D QT_OPENGL_LIB /D "CMAKE_INTDIR=\"Debug\"" /D _MBCS /Gm- /EHsc /RTC1 /MDd /GS /fp:precise /Zc:wchar_t /Zc:forScope /GR /Fo"AntennaBuilder.dir\Debug\\" /Fd"AntennaBuilder.dir\Debug\vc120.pdb" /Gd /TP /analyze- /errorReport:prompt /DNOMINMAX AntennaBuilder_automoc.cpp
         AntennaBuilder_automoc.cpp
     1>d:\projects\huawei_antenna_modeling\win32_build\moc_SandboxGLWidget.cpp(21): error C2011: 'qt_meta_stringdata_SandboxGLWidget_t' : 'struct' type redefinition
                 d:\projects\huawei_antenna_modeling\win32_build\moc_SandboxGLWidget.cpp(21) : see declaration of 'qt_meta_stringdata_SandboxGLWidget_t'
     1>d:\projects\huawei_antenna_modeling\win32_build\moc_SandboxGLWidget.cpp(30): error C2370: 'qt_meta_stringdata_SandboxGLWidget' : redefinition; different storage class
                 d:\projects\huawei_antenna_modeling\win32_build\moc_SandboxGLWidget.cpp(30) : see declaration of 'qt_meta_stringdata_SandboxGLWidget'
     1>d:\projects\huawei_antenna_modeling\win32_build\moc_SandboxGLWidget.cpp(32): error C2027: use of undefined type 'qt_meta_stringdata_SandboxGLWidget_t'
                 d:\projects\huawei_antenna_modeling\win32_build\moc_SandboxGLWidget.cpp(21) : see declaration of 'qt_meta_stringdata_SandboxGLWidget_t'
     1>d:\projects\huawei_antenna_modeling\win32_build\moc_SandboxGLWidget.cpp(32): error C2227: left of '->stringdata' must point to class/struct/union/generic type
     1>d:\projects\huawei_antenna_modeling\win32_build\moc_SandboxGLWidget.cpp(33): error C2027: use of undefined type 'qt_meta_stringdata_SandboxGLWidget_t'
                 d:\projects\huawei_antenna_modeling\win32_build\moc_SandboxGLWidget.cpp(21) : see declaration of 'qt_meta_stringdata_SandboxGLWidget_t'
     1>d:\projects\huawei_antenna_modeling\win32_build\moc_SandboxGLWidget.cpp(33): error C2227: left of '->stringdata' must point to class/struct/union/generic type
     1>d:\projects\huawei_antenna_modeling\win32_build\moc_SandboxGLWidget.cpp(34): error C2027: use of undefined type 'qt_meta_stringdata_SandboxGLWidget_t'
                 d:\projects\huawei_antenna_modeling\win32_build\moc_SandboxGLWidget.cpp(21) : see declaration of 'qt_meta_stringdata_SandboxGLWidget_t'
     1>d:\projects\huawei_antenna_modeling\win32_build\moc_SandboxGLWidget.cpp(34): error C2227: left of '->stringdata' must point to class/struct/union/generic type
     1>d:\projects\huawei_antenna_modeling\win32_build\moc_SandboxGLWidget.cpp(37): error C2078: too many initializers
     1>d:\projects\huawei_antenna_modeling\win32_build\moc_SandboxGLWidget.cpp(37): fatal error C1903: unable to recover from previous error(s); stopping compilation
     1>Done Building Project "D:\Projects\huawei_antenna_modeling\win32_build\AntennaBuilder.vcxproj" (Build target(s)) -- FAILED.

Build FAILED.

Time Elapsed 00:00:01.56
