Build started 2014/7/29 16:25:55.
     1>Project "C:\Users\leon\Desktop\huawei_antenna_modeling\build\AntennaBuilder.vcxproj" on node 2 (Build target(s)).
     1>PreBuildEvent:
         setlocal
         cd C:\Users\leon\Desktop\huawei_antenna_modeling\build
         if %errorlevel% neq 0 goto :cmEnd
         C:
         if %errorlevel% neq 0 goto :cmEnd
         "C:\Program Files (x86)\CMake\bin\cmake.exe" -E cmake_autogen C:/Users/leon/Desktop/huawei_antenna_modeling/build/CMakeFiles/AntennaBuilder_automoc.dir/ Debug
         if %errorlevel% neq 0 goto :cmEnd
         :cmEnd
         endlocal & call :cmErrorLevel %errorlevel% & goto :cmDone
         :cmErrorLevel
         exit /b %1
         :cmDone
         if %errorlevel% neq 0 goto :VCEnd
         :VCEnd
         Generating moc_antennaglwidget.cpp
         Generating moc_mainwindow.cpp
       ClCompile:
         C:\Program Files (x86)\Microsoft Visual Studio 12.0\VC\bin\CL.exe /c /IC:\Users\leon\Desktop\huawei_antenna_modeling\build /IC:\Users\leon\Desktop\huawei_antenna_modeling /IC:\Users\leon\Desktop\huawei_antenna_modeling\include /IC:\Users\leon\Desktop\huawei_antenna_modeling\ui /IC:\SDK\Qt\5.3\msvc2013_opengl\include /IC:\SDK\Qt\5.3\msvc2013_opengl\include\QtWidgets /IC:\SDK\Qt\5.3\msvc2013_opengl\include\QtGui /IC:\SDK\Qt\5.3\msvc2013_opengl\include\QtCore /I"C:\SDK\Qt\5.3\msvc2013_opengl\mkspecs\win32-msvc2013" /IC:\SDK\Qt\5.3\msvc2013_opengl\include\QtOpenGL /Zi /nologo /W3 /WX- /Od /Ob0 /Oy- /D WIN32 /D _WINDOWS /D _DEBUG /D QT_WIDGETS_LIB /D QT_GUI_LIB /D QT_CORE_LIB /D QT_OPENGL_LIB /D "CMAKE_INTDIR=\"Debug\"" /D _MBCS /Gm- /EHsc /RTC1 /MDd /GS /fp:precise /Zc:wchar_t /Zc:forScope /GR /Fo"AntennaBuilder.dir\Debug\\" /Fd"AntennaBuilder.dir\Debug\vc120.pdb" /Gd /TP /analyze- /errorReport:prompt ..\src\main.cpp ..\ui\antennaglwidget.cpp ..\ui\mainwindow.cpp AntennaBuilder_automoc.cpp
         main.cpp
         antennaglwidget.cpp
         mainwindow.cpp
         AntennaBuilder_automoc.cpp
         Generating Code...
       Link:
         C:\Program Files (x86)\Microsoft Visual Studio 12.0\VC\bin\link.exe /ERRORREPORT:PROMPT /OUT:"C:\Users\leon\Desktop\huawei_antenna_modeling\build\Debug\AntennaBuilder.exe" /INCREMENTAL /NOLOGO kernel32.lib user32.lib gdi32.lib winspool.lib shell32.lib ole32.lib oleaut32.lib uuid.lib comdlg32.lib advapi32.lib C:\SDK\Qt\5.3\msvc2013_opengl\lib\Qt5Widgetsd.lib C:\SDK\Qt\5.3\msvc2013_opengl\lib\Qt5OpenGLd.lib C:\SDK\Qt\5.3\msvc2013_opengl\lib\Qt5Cored.lib C:\SDK\Qt\5.3\msvc2013_opengl\lib\Qt5Guid.lib C:\SDK\Qt\5.3\msvc2013_opengl\lib\Qt5Widgetsd.lib C:\SDK\Qt\5.3\msvc2013_opengl\lib\Qt5Guid.lib C:\SDK\Qt\5.3\msvc2013_opengl\lib\Qt5Cored.lib /MANIFEST /MANIFESTUAC:"level='asInvoker' uiAccess='false'" /manifest:embed /DEBUG /PDB:"C:/Users/leon/Desktop/huawei_antenna_modeling/build/Debug/AntennaBuilder.pdb" /SUBSYSTEM:CONSOLE /TLBID:1 /DYNAMICBASE /NXCOMPAT /IMPLIB:"C:/Users/leon/Desktop/huawei_antenna_modeling/build/Debug/AntennaBuilder.lib" /MACHINE:X86 /SAFESEH  /machine:X86 /debug AntennaBuilder.dir\Debug\main.obj
         AntennaBuilder.dir\Debug\antennaglwidget.obj
         AntennaBuilder.dir\Debug\mainwindow.obj
         AntennaBuilder.dir\Debug\AntennaBuilder_automoc.obj
         AntennaBuilder.vcxproj -> C:\Users\leon\Desktop\huawei_antenna_modeling\build\Debug\AntennaBuilder.exe
     1>Done Building Project "C:\Users\leon\Desktop\huawei_antenna_modeling\build\AntennaBuilder.vcxproj" (Build target(s)).

Build succeeded.

Time Elapsed 00:00:11.38
